<?xml version="1.0" encoding="UTF-8"?>
<!-- Generated by org.testng.reporters.JUnitReportReporter -->
<testsuite skipped="0" hostname="EC2AMAZ-UMIME9S" name="ad_Orderable.OD_12Documents" tests="1" failures="0" timestamp="11 Oct 2018 15:58:40 GMT" time="26.553" errors="0">
  <testcase name="OD_12Documents" time="26.553" classname="ad_Orderable.OD_12Documents"/>
</testsuite> <!-- ad_Orderable.OD_12Documents -->
