<?xml version="1.0" encoding="UTF-8"?>
<!-- Generated by org.testng.reporters.JUnitReportReporter -->
<testsuite skipped="0" hostname="EC2AMAZ-UMIME9S" name="ad_Orderable.OD_availableToOrderLivesSafeRoom" tests="1" failures="0" timestamp="09 Oct 2018 15:02:07 GMT" time="9.029" errors="0">
  <testcase name="OD_UnavailableToOrderLivesSafeRoom" time="9.029" classname="ad_Orderable.OD_availableToOrderLivesSafeRoom"/>
</testsuite> <!-- ad_Orderable.OD_availableToOrderLivesSafeRoom -->
